<?xml version="1.0" encoding="UTF-8"?>
<!-- Generated by org.testng.reporters.JUnitReportReporter -->
<testsuite hostname="ESLLAP-3903" failures="0" tests="1" name="saleforce_01.CreateAccount_001" time="20.014" errors="0" timestamp="2024-10-21T05:42:57 IST" skipped="0">
  <testcase classname="saleforce_01.CreateAccount_001" name="createaccount" time="20.014"/>
  <system-out/>
</testsuite> <!-- saleforce_01.CreateAccount_001 -->
